<?xml version="1.0" encoding="UTF-8"?>
<testsuite name="com.boot.book.springboot.web.HelloControllerTest" tests="2" skipped="0" failures="0" errors="0" timestamp="2022-01-13T07:46:06" hostname="LAPTOP-1GO2VUVM" time="0.918">
  <properties/>
  <testcase name="hello가_리턴된다" classname="com.boot.book.springboot.web.HelloControllerTest" time="0.795"/>
  <testcase name="helloDto가_리턴된다" classname="com.boot.book.springboot.web.HelloControllerTest" time="0.122"/>
  <system-out><![CDATA[16:46:00.470 [Test worker] DEBUG org.springframework.test.context.junit4.SpringJUnit4ClassRunner - SpringJUnit4ClassRunner constructor called with [class com.boot.book.springboot.web.HelloControllerTest]
16:46:00.495 [Test worker] DEBUG org.springframework.test.context.BootstrapUtils - Instantiating CacheAwareContextLoaderDelegate from class [org.springframework.test.context.cache.DefaultCacheAwareContextLoaderDelegate]
16:46:00.515 [Test worker] DEBUG org.springframework.test.context.BootstrapUtils - Instantiating BootstrapContext using constructor [public org.springframework.test.context.support.DefaultBootstrapContext(java.lang.Class,org.springframework.test.context.CacheAwareContextLoaderDelegate)]
16:46:00.553 [Test worker] DEBUG org.springframework.test.context.BootstrapUtils - Instantiating TestContextBootstrapper for test class [com.boot.book.springboot.web.HelloControllerTest] from class [org.springframework.boot.test.autoconfigure.web.servlet.WebMvcTestContextBootstrapper]
16:46:00.606 [Test worker] INFO org.springframework.boot.test.autoconfigure.web.servlet.WebMvcTestContextBootstrapper - Neither @ContextConfiguration nor @ContextHierarchy found for test class [com.boot.book.springboot.web.HelloControllerTest], using SpringBootContextLoader
16:46:00.614 [Test worker] DEBUG org.springframework.test.context.support.AbstractContextLoader - Did not detect default resource location for test class [com.boot.book.springboot.web.HelloControllerTest]: class path resource [com/boot/book/springboot/web/HelloControllerTest-context.xml] does not exist
16:46:00.618 [Test worker] DEBUG org.springframework.test.context.support.AbstractContextLoader - Did not detect default resource location for test class [com.boot.book.springboot.web.HelloControllerTest]: class path resource [com/boot/book/springboot/web/HelloControllerTestContext.groovy] does not exist
16:46:00.619 [Test worker] INFO org.springframework.test.context.support.AbstractContextLoader - Could not detect default resource locations for test class [com.boot.book.springboot.web.HelloControllerTest]: no resource found for suffixes {-context.xml, Context.groovy}.
16:46:00.621 [Test worker] INFO org.springframework.test.context.support.AnnotationConfigContextLoaderUtils - Could not detect default configuration classes for test class [com.boot.book.springboot.web.HelloControllerTest]: HelloControllerTest does not declare any static, non-private, non-final, nested classes annotated with @Configuration.
16:46:00.824 [Test worker] DEBUG org.springframework.test.context.support.ActiveProfilesUtils - Could not find an 'annotation declaring class' for annotation type [org.springframework.test.context.ActiveProfiles] and class [com.boot.book.springboot.web.HelloControllerTest]
16:46:01.061 [Test worker] DEBUG org.springframework.context.annotation.ClassPathScanningCandidateComponentProvider - Identified candidate component class: file [D:\workspace_intelliJ\springboot-webservice\build\classes\java\main\com\boot\book\springboot\Application.class]
16:46:01.066 [Test worker] INFO org.springframework.boot.test.context.SpringBootTestContextBootstrapper - Found @SpringBootConfiguration com.boot.book.springboot.Application for test class com.boot.book.springboot.web.HelloControllerTest
16:46:01.070 [Test worker] DEBUG org.springframework.boot.test.autoconfigure.web.servlet.WebMvcTestContextBootstrapper - @TestExecutionListeners is not present for class [com.boot.book.springboot.web.HelloControllerTest]: using defaults.
16:46:01.071 [Test worker] INFO org.springframework.boot.test.autoconfigure.web.servlet.WebMvcTestContextBootstrapper - Loaded default TestExecutionListener class names from location [META-INF/spring.factories]: [org.springframework.security.test.context.support.WithSecurityContextTestExecutionListener, org.springframework.security.test.context.support.ReactorContextTestExecutionListener, org.springframework.boot.test.autoconfigure.restdocs.RestDocsTestExecutionListener, org.springframework.boot.test.autoconfigure.web.client.MockRestServiceServerResetTestExecutionListener, org.springframework.boot.test.autoconfigure.web.servlet.MockMvcPrintOnlyOnFailureTestExecutionListener, org.springframework.boot.test.autoconfigure.web.servlet.WebDriverTestExecutionListener, org.springframework.boot.test.mock.mockito.MockitoTestExecutionListener, org.springframework.boot.test.mock.mockito.ResetMocksTestExecutionListener, org.springframework.test.context.web.ServletTestExecutionListener, org.springframework.test.context.support.DirtiesContextBeforeModesTestExecutionListener, org.springframework.test.context.support.DependencyInjectionTestExecutionListener, org.springframework.test.context.support.DirtiesContextTestExecutionListener, org.springframework.test.context.transaction.TransactionalTestExecutionListener, org.springframework.test.context.jdbc.SqlScriptsTestExecutionListener]
16:46:01.136 [Test worker] INFO org.springframework.boot.test.autoconfigure.web.servlet.WebMvcTestContextBootstrapper - Using TestExecutionListeners: [org.springframework.test.context.web.ServletTestExecutionListener@7cf12ae0, org.springframework.test.context.support.DirtiesContextBeforeModesTestExecutionListener@c561481, org.springframework.boot.test.mock.mockito.MockitoTestExecutionListener@704a4c3, org.springframework.boot.test.autoconfigure.SpringBootDependencyInjectionTestExecutionListener@4d06f614, org.springframework.test.context.support.DirtiesContextTestExecutionListener@3855637e, org.springframework.test.context.transaction.TransactionalTestExecutionListener@41b8ae9, org.springframework.test.context.jdbc.SqlScriptsTestExecutionListener@269b0415, org.springframework.security.test.context.support.WithSecurityContextTestExecutionListener@5cd7e084, org.springframework.security.test.context.support.ReactorContextTestExecutionListener@4f0a26f3, org.springframework.boot.test.autoconfigure.restdocs.RestDocsTestExecutionListener@171ea139, org.springframework.boot.test.autoconfigure.web.client.MockRestServiceServerResetTestExecutionListener@695bb463, org.springframework.boot.test.autoconfigure.web.servlet.MockMvcPrintOnlyOnFailureTestExecutionListener@aebba0c, org.springframework.boot.test.autoconfigure.web.servlet.WebDriverTestExecutionListener@14c8281c, org.springframework.boot.test.mock.mockito.ResetMocksTestExecutionListener@763d44d5]
16:46:01.147 [Test worker] DEBUG org.springframework.test.annotation.ProfileValueUtils - Retrieved @ProfileValueSourceConfiguration [null] for test class [com.boot.book.springboot.web.HelloControllerTest]
16:46:01.148 [Test worker] DEBUG org.springframework.test.annotation.ProfileValueUtils - Retrieved ProfileValueSource type [class org.springframework.test.annotation.SystemProfileValueSource] for class [com.boot.book.springboot.web.HelloControllerTest]
16:46:01.150 [Test worker] DEBUG org.springframework.test.annotation.ProfileValueUtils - Retrieved @ProfileValueSourceConfiguration [null] for test class [com.boot.book.springboot.web.HelloControllerTest]
16:46:01.151 [Test worker] DEBUG org.springframework.test.annotation.ProfileValueUtils - Retrieved ProfileValueSource type [class org.springframework.test.annotation.SystemProfileValueSource] for class [com.boot.book.springboot.web.HelloControllerTest]
16:46:01.167 [Test worker] DEBUG org.springframework.test.context.support.AbstractDirtiesContextTestExecutionListener - Before test class: context [DefaultTestContext@7ed952a9 testClass = HelloControllerTest, testInstance = [null], testMethod = [null], testException = [null], mergedContextConfiguration = [WebMergedContextConfiguration@77ee38bb testClass = HelloControllerTest, locations = '{}', classes = '{class com.boot.book.springboot.Application}', contextInitializerClasses = '[]', activeProfiles = '{}', propertySourceLocations = '{}', propertySourceProperties = '{org.springframework.boot.test.autoconfigure.web.servlet.WebMvcTestContextBootstrapper=true}', contextCustomizers = set[org.springframework.boot.test.autoconfigure.OverrideAutoConfigurationContextCustomizerFactory$DisableAutoConfigurationContextCustomizer@3ef22e8c, org.springframework.boot.test.autoconfigure.filter.TypeExcludeFiltersContextCustomizer@f3552d15, org.springframework.boot.test.autoconfigure.properties.PropertyMappingContextCustomizer@a836f245, org.springframework.boot.test.autoconfigure.web.servlet.WebDriverContextCustomizerFactory$Customizer@7455b3db, [ImportsContextCustomizer@77feb10b key = [org.springframework.boot.autoconfigure.cache.CacheAutoConfiguration, org.springframework.boot.autoconfigure.context.MessageSourceAutoConfiguration, org.springframework.boot.autoconfigure.data.web.SpringDataWebAutoConfiguration, org.springframework.boot.autoconfigure.freemarker.FreeMarkerAutoConfiguration, org.springframework.boot.autoconfigure.groovy.template.GroovyTemplateAutoConfiguration, org.springframework.boot.autoconfigure.gson.GsonAutoConfiguration, org.springframework.boot.autoconfigure.hateoas.HypermediaAutoConfiguration, org.springframework.boot.autoconfigure.http.HttpMessageConvertersAutoConfiguration, org.springframework.boot.autoconfigure.jackson.JacksonAutoConfiguration, org.springframework.boot.autoconfigure.jsonb.JsonbAutoConfiguration, org.springframework.boot.autoconfigure.mustache.MustacheAutoConfiguration, org.springframework.boot.autoconfigure.task.TaskExecutionAutoConfiguration, org.springframework.boot.autoconfigure.thymeleaf.ThymeleafAutoConfiguration, org.springframework.boot.autoconfigure.validation.ValidationAutoConfiguration, org.springframework.boot.autoconfigure.web.servlet.error.ErrorMvcAutoConfiguration, org.springframework.boot.autoconfigure.web.servlet.WebMvcAutoConfiguration, org.springframework.boot.test.autoconfigure.web.servlet.MockMvcAutoConfiguration, org.springframework.boot.test.autoconfigure.web.servlet.MockMvcSecurityAutoConfiguration, org.springframework.boot.test.autoconfigure.web.servlet.MockMvcWebClientAutoConfiguration, org.springframework.boot.test.autoconfigure.web.servlet.MockMvcWebDriverAutoConfiguration]], org.springframework.boot.test.context.filter.ExcludeFilterContextCustomizer@64cf43b3, org.springframework.boot.test.json.DuplicateJsonObjectContextCustomizerFactory$DuplicateJsonObjectContextCustomizer@78158845, org.springframework.boot.test.mock.mockito.MockitoContextCustomizer@0], resourceBasePath = 'src/main/webapp', contextLoader = 'org.springframework.boot.test.context.SpringBootContextLoader', parent = [null]], attributes = map[[empty]]], class annotated with @DirtiesContext [false] with mode [null].
16:46:01.172 [Test worker] DEBUG org.springframework.test.annotation.ProfileValueUtils - Retrieved @ProfileValueSourceConfiguration [null] for test class [com.boot.book.springboot.web.HelloControllerTest]
16:46:01.172 [Test worker] DEBUG org.springframework.test.annotation.ProfileValueUtils - Retrieved ProfileValueSource type [class org.springframework.test.annotation.SystemProfileValueSource] for class [com.boot.book.springboot.web.HelloControllerTest]
16:46:01.185 [Test worker] DEBUG org.springframework.test.context.support.DependencyInjectionTestExecutionListener - Performing dependency injection for test context [[DefaultTestContext@7ed952a9 testClass = HelloControllerTest, testInstance = com.boot.book.springboot.web.HelloControllerTest@721ff77b, testMethod = [null], testException = [null], mergedContextConfiguration = [WebMergedContextConfiguration@77ee38bb testClass = HelloControllerTest, locations = '{}', classes = '{class com.boot.book.springboot.Application}', contextInitializerClasses = '[]', activeProfiles = '{}', propertySourceLocations = '{}', propertySourceProperties = '{org.springframework.boot.test.autoconfigure.web.servlet.WebMvcTestContextBootstrapper=true}', contextCustomizers = set[org.springframework.boot.test.autoconfigure.OverrideAutoConfigurationContextCustomizerFactory$DisableAutoConfigurationContextCustomizer@3ef22e8c, org.springframework.boot.test.autoconfigure.filter.TypeExcludeFiltersContextCustomizer@f3552d15, org.springframework.boot.test.autoconfigure.properties.PropertyMappingContextCustomizer@a836f245, org.springframework.boot.test.autoconfigure.web.servlet.WebDriverContextCustomizerFactory$Customizer@7455b3db, [ImportsContextCustomizer@77feb10b key = [org.springframework.boot.autoconfigure.cache.CacheAutoConfiguration, org.springframework.boot.autoconfigure.context.MessageSourceAutoConfiguration, org.springframework.boot.autoconfigure.data.web.SpringDataWebAutoConfiguration, org.springframework.boot.autoconfigure.freemarker.FreeMarkerAutoConfiguration, org.springframework.boot.autoconfigure.groovy.template.GroovyTemplateAutoConfiguration, org.springframework.boot.autoconfigure.gson.GsonAutoConfiguration, org.springframework.boot.autoconfigure.hateoas.HypermediaAutoConfiguration, org.springframework.boot.autoconfigure.http.HttpMessageConvertersAutoConfiguration, org.springframework.boot.autoconfigure.jackson.JacksonAutoConfiguration, org.springframework.boot.autoconfigure.jsonb.JsonbAutoConfiguration, org.springframework.boot.autoconfigure.mustache.MustacheAutoConfiguration, org.springframework.boot.autoconfigure.task.TaskExecutionAutoConfiguration, org.springframework.boot.autoconfigure.thymeleaf.ThymeleafAutoConfiguration, org.springframework.boot.autoconfigure.validation.ValidationAutoConfiguration, org.springframework.boot.autoconfigure.web.servlet.error.ErrorMvcAutoConfiguration, org.springframework.boot.autoconfigure.web.servlet.WebMvcAutoConfiguration, org.springframework.boot.test.autoconfigure.web.servlet.MockMvcAutoConfiguration, org.springframework.boot.test.autoconfigure.web.servlet.MockMvcSecurityAutoConfiguration, org.springframework.boot.test.autoconfigure.web.servlet.MockMvcWebClientAutoConfiguration, org.springframework.boot.test.autoconfigure.web.servlet.MockMvcWebDriverAutoConfiguration]], org.springframework.boot.test.context.filter.ExcludeFilterContextCustomizer@64cf43b3, org.springframework.boot.test.json.DuplicateJsonObjectContextCustomizerFactory$DuplicateJsonObjectContextCustomizer@78158845, org.springframework.boot.test.mock.mockito.MockitoContextCustomizer@0], resourceBasePath = 'src/main/webapp', contextLoader = 'org.springframework.boot.test.context.SpringBootContextLoader', parent = [null]], attributes = map[[empty]]]].
16:46:01.561 [Test worker] DEBUG org.springframework.test.context.support.TestPropertySourceUtils - Adding inlined properties to environment: {spring.jmx.enabled=false, org.springframework.boot.test.autoconfigure.web.servlet.WebMvcTestContextBootstrapper=true, server.port=-1}

  .   ____          _            __ _ _
 /\\ / ___'_ __ _ _(_)_ __  __ _ \ \ \ \
( ( )\___ | '_ | '_| | '_ \/ _` | \ \ \ \
 \\/  ___)| |_)| | | | | || (_| |  ) ) ) )
  '  |____| .__|_| |_|_| |_\__, | / / / /
 =========|_|==============|___/=/_/_/_/
 :: Spring Boot ::        (v2.1.7.RELEASE)

2022-01-13 16:46:02.319  INFO 34700 --- [    Test worker] c.b.b.s.web.HelloControllerTest          : Starting HelloControllerTest on LAPTOP-1GO2VUVM with PID 34700 (started by samsung in D:\workspace_intelliJ\springboot-webservice)
2022-01-13 16:46:02.326  INFO 34700 --- [    Test worker] c.b.b.s.web.HelloControllerTest          : No active profile set, falling back to default profiles: default
2022-01-13 16:46:05.418  INFO 34700 --- [    Test worker] o.s.s.concurrent.ThreadPoolTaskExecutor  : Initializing ExecutorService 'applicationTaskExecutor'
2022-01-13 16:46:05.600  INFO 34700 --- [    Test worker] o.s.b.a.w.s.WelcomePageHandlerMapping    : Adding welcome page template: index
2022-01-13 16:46:06.256  INFO 34700 --- [    Test worker] .s.s.UserDetailsServiceAutoConfiguration : 

Using generated security password: fc84106f-851b-4bea-ab1e-ec2c5470a2c2

2022-01-13 16:46:06.645  INFO 34700 --- [    Test worker] o.s.s.web.DefaultSecurityFilterChain     : Creating filter chain: any request, [org.springframework.security.web.context.request.async.WebAsyncManagerIntegrationFilter@6449644a, org.springframework.security.web.context.SecurityContextPersistenceFilter@4e76fcc1, org.springframework.security.web.header.HeaderWriterFilter@3b308b21, org.springframework.security.web.csrf.CsrfFilter@40f73365, org.springframework.security.web.authentication.logout.LogoutFilter@20b9c7c9, org.springframework.security.web.authentication.UsernamePasswordAuthenticationFilter@1e9a45c4, org.springframework.security.web.authentication.ui.DefaultLoginPageGeneratingFilter@2c95834c, org.springframework.security.web.authentication.ui.DefaultLogoutPageGeneratingFilter@619445e8, org.springframework.security.web.authentication.www.BasicAuthenticationFilter@5d13f75f, org.springframework.security.web.savedrequest.RequestCacheAwareFilter@1db39c5c, org.springframework.security.web.servletapi.SecurityContextHolderAwareRequestFilter@67c25e41, org.springframework.security.web.authentication.AnonymousAuthenticationFilter@7b3a48df, org.springframework.security.web.session.SessionManagementFilter@4a833bcb, org.springframework.security.web.access.ExceptionTranslationFilter@2353e29e, org.springframework.security.web.access.intercept.FilterSecurityInterceptor@684eb2cd]
2022-01-13 16:46:06.732  INFO 34700 --- [    Test worker] o.s.b.t.m.w.SpringBootMockServletContext : Initializing Spring TestDispatcherServlet ''
2022-01-13 16:46:06.732  INFO 34700 --- [    Test worker] o.s.t.web.servlet.TestDispatcherServlet  : Initializing Servlet ''
2022-01-13 16:46:06.764  INFO 34700 --- [    Test worker] o.s.t.web.servlet.TestDispatcherServlet  : Completed initialization in 32 ms
2022-01-13 16:46:06.869  INFO 34700 --- [    Test worker] c.b.b.s.web.HelloControllerTest          : Started HelloControllerTest in 5.278 seconds (JVM running for 10.399)
]]></system-out>
  <system-err><![CDATA[]]></system-err>
</testsuite>
