<?xml version="1.0" encoding="UTF-8"?>
<testsuite name="com.boot.book.springboot.web.IndexControllerTest" tests="1" skipped="0" failures="0" errors="0" timestamp="2021-12-21T08:55:03" hostname="LAPTOP-1GO2VUVM" time="0.458">
  <properties/>
  <testcase name="메인페이지_로딩" classname="com.boot.book.springboot.web.IndexControllerTest" time="0.458"/>
  <system-out><![CDATA[17:54:55.636 [Test worker] DEBUG org.springframework.test.context.junit4.SpringJUnit4ClassRunner - SpringJUnit4ClassRunner constructor called with [class com.boot.book.springboot.web.IndexControllerTest]
17:54:55.646 [Test worker] DEBUG org.springframework.test.context.BootstrapUtils - Instantiating CacheAwareContextLoaderDelegate from class [org.springframework.test.context.cache.DefaultCacheAwareContextLoaderDelegate]
17:54:55.659 [Test worker] DEBUG org.springframework.test.context.BootstrapUtils - Instantiating BootstrapContext using constructor [public org.springframework.test.context.support.DefaultBootstrapContext(java.lang.Class,org.springframework.test.context.CacheAwareContextLoaderDelegate)]
17:54:55.683 [Test worker] DEBUG org.springframework.test.context.BootstrapUtils - Instantiating TestContextBootstrapper for test class [com.boot.book.springboot.web.IndexControllerTest] from class [org.springframework.boot.test.context.SpringBootTestContextBootstrapper]
17:54:55.698 [Test worker] INFO org.springframework.boot.test.context.SpringBootTestContextBootstrapper - Neither @ContextConfiguration nor @ContextHierarchy found for test class [com.boot.book.springboot.web.IndexControllerTest], using SpringBootContextLoader
17:54:55.703 [Test worker] DEBUG org.springframework.test.context.support.AbstractContextLoader - Did not detect default resource location for test class [com.boot.book.springboot.web.IndexControllerTest]: class path resource [com/boot/book/springboot/web/IndexControllerTest-context.xml] does not exist
17:54:55.703 [Test worker] DEBUG org.springframework.test.context.support.AbstractContextLoader - Did not detect default resource location for test class [com.boot.book.springboot.web.IndexControllerTest]: class path resource [com/boot/book/springboot/web/IndexControllerTestContext.groovy] does not exist
17:54:55.704 [Test worker] INFO org.springframework.test.context.support.AbstractContextLoader - Could not detect default resource locations for test class [com.boot.book.springboot.web.IndexControllerTest]: no resource found for suffixes {-context.xml, Context.groovy}.
17:54:55.705 [Test worker] INFO org.springframework.test.context.support.AnnotationConfigContextLoaderUtils - Could not detect default configuration classes for test class [com.boot.book.springboot.web.IndexControllerTest]: IndexControllerTest does not declare any static, non-private, non-final, nested classes annotated with @Configuration.
17:54:55.760 [Test worker] DEBUG org.springframework.test.context.support.ActiveProfilesUtils - Could not find an 'annotation declaring class' for annotation type [org.springframework.test.context.ActiveProfiles] and class [com.boot.book.springboot.web.IndexControllerTest]
17:54:55.879 [Test worker] DEBUG org.springframework.context.annotation.ClassPathScanningCandidateComponentProvider - Identified candidate component class: file [D:\workspace_intelliJ\springboot-webservice\build\classes\java\main\com\boot\book\springboot\Application.class]
17:54:55.881 [Test worker] INFO org.springframework.boot.test.context.SpringBootTestContextBootstrapper - Found @SpringBootConfiguration com.boot.book.springboot.Application for test class com.boot.book.springboot.web.IndexControllerTest
17:54:56.017 [Test worker] DEBUG org.springframework.boot.test.context.SpringBootTestContextBootstrapper - @TestExecutionListeners is not present for class [com.boot.book.springboot.web.IndexControllerTest]: using defaults.
17:54:56.018 [Test worker] INFO org.springframework.boot.test.context.SpringBootTestContextBootstrapper - Loaded default TestExecutionListener class names from location [META-INF/spring.factories]: [org.springframework.boot.test.autoconfigure.restdocs.RestDocsTestExecutionListener, org.springframework.boot.test.autoconfigure.web.client.MockRestServiceServerResetTestExecutionListener, org.springframework.boot.test.autoconfigure.web.servlet.MockMvcPrintOnlyOnFailureTestExecutionListener, org.springframework.boot.test.autoconfigure.web.servlet.WebDriverTestExecutionListener, org.springframework.boot.test.mock.mockito.MockitoTestExecutionListener, org.springframework.boot.test.mock.mockito.ResetMocksTestExecutionListener, org.springframework.test.context.web.ServletTestExecutionListener, org.springframework.test.context.support.DirtiesContextBeforeModesTestExecutionListener, org.springframework.test.context.support.DependencyInjectionTestExecutionListener, org.springframework.test.context.support.DirtiesContextTestExecutionListener, org.springframework.test.context.transaction.TransactionalTestExecutionListener, org.springframework.test.context.jdbc.SqlScriptsTestExecutionListener]
17:54:56.045 [Test worker] INFO org.springframework.boot.test.context.SpringBootTestContextBootstrapper - Using TestExecutionListeners: [org.springframework.test.context.web.ServletTestExecutionListener@4079ea27, org.springframework.test.context.support.DirtiesContextBeforeModesTestExecutionListener@712b0265, org.springframework.boot.test.mock.mockito.MockitoTestExecutionListener@464b393f, org.springframework.boot.test.autoconfigure.SpringBootDependencyInjectionTestExecutionListener@2545978, org.springframework.test.context.support.DirtiesContextTestExecutionListener@df3a3c7, org.springframework.test.context.transaction.TransactionalTestExecutionListener@2462a036, org.springframework.test.context.jdbc.SqlScriptsTestExecutionListener@3bffe744, org.springframework.boot.test.autoconfigure.restdocs.RestDocsTestExecutionListener@1bc0e6da, org.springframework.boot.test.autoconfigure.web.client.MockRestServiceServerResetTestExecutionListener@b3d83fe, org.springframework.boot.test.autoconfigure.web.servlet.MockMvcPrintOnlyOnFailureTestExecutionListener@3a6fe1bf, org.springframework.boot.test.autoconfigure.web.servlet.WebDriverTestExecutionListener@7e6ef471, org.springframework.boot.test.mock.mockito.ResetMocksTestExecutionListener@62043b50]
17:54:56.050 [Test worker] DEBUG org.springframework.test.annotation.ProfileValueUtils - Retrieved @ProfileValueSourceConfiguration [null] for test class [com.boot.book.springboot.web.IndexControllerTest]
17:54:56.051 [Test worker] DEBUG org.springframework.test.annotation.ProfileValueUtils - Retrieved ProfileValueSource type [class org.springframework.test.annotation.SystemProfileValueSource] for class [com.boot.book.springboot.web.IndexControllerTest]
17:54:56.057 [Test worker] DEBUG org.springframework.test.annotation.ProfileValueUtils - Retrieved @ProfileValueSourceConfiguration [null] for test class [com.boot.book.springboot.web.IndexControllerTest]
17:54:56.057 [Test worker] DEBUG org.springframework.test.annotation.ProfileValueUtils - Retrieved ProfileValueSource type [class org.springframework.test.annotation.SystemProfileValueSource] for class [com.boot.book.springboot.web.IndexControllerTest]
17:54:56.058 [Test worker] DEBUG org.springframework.test.annotation.ProfileValueUtils - Retrieved @ProfileValueSourceConfiguration [null] for test class [com.boot.book.springboot.web.IndexControllerTest]
17:54:56.058 [Test worker] DEBUG org.springframework.test.annotation.ProfileValueUtils - Retrieved ProfileValueSource type [class org.springframework.test.annotation.SystemProfileValueSource] for class [com.boot.book.springboot.web.IndexControllerTest]
17:54:56.063 [Test worker] DEBUG org.springframework.test.context.support.AbstractDirtiesContextTestExecutionListener - Before test class: context [DefaultTestContext@3989203b testClass = IndexControllerTest, testInstance = [null], testMethod = [null], testException = [null], mergedContextConfiguration = [WebMergedContextConfiguration@19d59afe testClass = IndexControllerTest, locations = '{}', classes = '{class com.boot.book.springboot.Application}', contextInitializerClasses = '[]', activeProfiles = '{}', propertySourceLocations = '{}', propertySourceProperties = '{org.springframework.boot.test.context.SpringBootTestContextBootstrapper=true, server.port=0}', contextCustomizers = set[org.springframework.boot.test.autoconfigure.properties.PropertyMappingContextCustomizer@0, org.springframework.boot.test.autoconfigure.web.servlet.WebDriverContextCustomizerFactory$Customizer@33157ba3, org.springframework.boot.test.context.filter.ExcludeFilterContextCustomizer@7c59840e, org.springframework.boot.test.json.DuplicateJsonObjectContextCustomizerFactory$DuplicateJsonObjectContextCustomizer@26181c6b, org.springframework.boot.test.mock.mockito.MockitoContextCustomizer@0, org.springframework.boot.test.web.client.TestRestTemplateContextCustomizer@5edce90], resourceBasePath = 'src/main/webapp', contextLoader = 'org.springframework.boot.test.context.SpringBootContextLoader', parent = [null]], attributes = map['org.springframework.test.context.web.ServletTestExecutionListener.activateListener' -> false]], class annotated with @DirtiesContext [false] with mode [null].
17:54:56.064 [Test worker] DEBUG org.springframework.test.annotation.ProfileValueUtils - Retrieved @ProfileValueSourceConfiguration [null] for test class [com.boot.book.springboot.web.IndexControllerTest]
17:54:56.064 [Test worker] DEBUG org.springframework.test.annotation.ProfileValueUtils - Retrieved ProfileValueSource type [class org.springframework.test.annotation.SystemProfileValueSource] for class [com.boot.book.springboot.web.IndexControllerTest]
17:54:56.070 [Test worker] DEBUG org.springframework.test.context.support.DependencyInjectionTestExecutionListener - Performing dependency injection for test context [[DefaultTestContext@3989203b testClass = IndexControllerTest, testInstance = com.boot.book.springboot.web.IndexControllerTest@19804f8c, testMethod = [null], testException = [null], mergedContextConfiguration = [WebMergedContextConfiguration@19d59afe testClass = IndexControllerTest, locations = '{}', classes = '{class com.boot.book.springboot.Application}', contextInitializerClasses = '[]', activeProfiles = '{}', propertySourceLocations = '{}', propertySourceProperties = '{org.springframework.boot.test.context.SpringBootTestContextBootstrapper=true, server.port=0}', contextCustomizers = set[org.springframework.boot.test.autoconfigure.properties.PropertyMappingContextCustomizer@0, org.springframework.boot.test.autoconfigure.web.servlet.WebDriverContextCustomizerFactory$Customizer@33157ba3, org.springframework.boot.test.context.filter.ExcludeFilterContextCustomizer@7c59840e, org.springframework.boot.test.json.DuplicateJsonObjectContextCustomizerFactory$DuplicateJsonObjectContextCustomizer@26181c6b, org.springframework.boot.test.mock.mockito.MockitoContextCustomizer@0, org.springframework.boot.test.web.client.TestRestTemplateContextCustomizer@5edce90], resourceBasePath = 'src/main/webapp', contextLoader = 'org.springframework.boot.test.context.SpringBootContextLoader', parent = [null]], attributes = map['org.springframework.test.context.web.ServletTestExecutionListener.activateListener' -> false]]].
17:54:56.095 [Test worker] DEBUG org.springframework.test.context.support.TestPropertySourceUtils - Adding inlined properties to environment: {spring.jmx.enabled=false, org.springframework.boot.test.context.SpringBootTestContextBootstrapper=true, server.port=0}

  .   ____          _            __ _ _
 /\\ / ___'_ __ _ _(_)_ __  __ _ \ \ \ \
( ( )\___ | '_ | '_| | '_ \/ _` | \ \ \ \
 \\/  ___)| |_)| | | | | || (_| |  ) ) ) )
  '  |____| .__|_| |_|_| |_\__, | / / / /
 =========|_|==============|___/=/_/_/_/
 :: Spring Boot ::        (v2.1.7.RELEASE)

2021-12-21 17:54:56.601  INFO 9520 --- [    Test worker] c.b.b.s.web.IndexControllerTest          : Starting IndexControllerTest on LAPTOP-1GO2VUVM with PID 9520 (started by samsung in D:\workspace_intelliJ\springboot-webservice)
2021-12-21 17:54:56.603  INFO 9520 --- [    Test worker] c.b.b.s.web.IndexControllerTest          : No active profile set, falling back to default profiles: default
2021-12-21 17:54:57.847  INFO 9520 --- [    Test worker] .s.d.r.c.RepositoryConfigurationDelegate : Bootstrapping Spring Data repositories in DEFAULT mode.
2021-12-21 17:54:57.959  INFO 9520 --- [    Test worker] .s.d.r.c.RepositoryConfigurationDelegate : Finished Spring Data repository scanning in 100ms. Found 1 repository interfaces.
2021-12-21 17:54:58.523  INFO 9520 --- [    Test worker] trationDelegate$BeanPostProcessorChecker : Bean 'org.springframework.transaction.annotation.ProxyTransactionManagementConfiguration' of type [org.springframework.transaction.annotation.ProxyTransactionManagementConfiguration$$EnhancerBySpringCGLIB$$942ec351] is not eligible for getting processed by all BeanPostProcessors (for example: not eligible for auto-proxying)
2021-12-21 17:54:59.156  INFO 9520 --- [    Test worker] o.s.b.w.embedded.tomcat.TomcatWebServer  : Tomcat initialized with port(s): 0 (http)
2021-12-21 17:54:59.204  INFO 9520 --- [    Test worker] o.apache.catalina.core.StandardService   : Starting service [Tomcat]
2021-12-21 17:54:59.205  INFO 9520 --- [    Test worker] org.apache.catalina.core.StandardEngine  : Starting Servlet engine: [Apache Tomcat/9.0.22]
2021-12-21 17:54:59.500  INFO 9520 --- [    Test worker] o.a.c.c.C.[Tomcat].[localhost].[/]       : Initializing Spring embedded WebApplicationContext
2021-12-21 17:54:59.500  INFO 9520 --- [    Test worker] o.s.web.context.ContextLoader            : Root WebApplicationContext: initialization completed in 2860 ms
2021-12-21 17:54:59.940  INFO 9520 --- [    Test worker] com.zaxxer.hikari.HikariDataSource       : HikariPool-1 - Starting...
2021-12-21 17:55:00.236  INFO 9520 --- [    Test worker] com.zaxxer.hikari.HikariDataSource       : HikariPool-1 - Start completed.
2021-12-21 17:55:00.446  INFO 9520 --- [    Test worker] o.hibernate.jpa.internal.util.LogHelper  : HHH000204: Processing PersistenceUnitInfo [
	name: default
	...]
2021-12-21 17:55:00.620  INFO 9520 --- [    Test worker] org.hibernate.Version                    : HHH000412: Hibernate Core {5.3.10.Final}
2021-12-21 17:55:00.625  INFO 9520 --- [    Test worker] org.hibernate.cfg.Environment            : HHH000206: hibernate.properties not found
2021-12-21 17:55:00.932  INFO 9520 --- [    Test worker] o.hibernate.annotations.common.Version   : HCANN000001: Hibernate Commons Annotations {5.0.4.Final}
2021-12-21 17:55:01.183  INFO 9520 --- [    Test worker] org.hibernate.dialect.Dialect            : HHH000400: Using dialect: org.hibernate.dialect.MySQL5InnoDBDialect
Hibernate: drop table if exists posts
Hibernate: create table posts (id bigint not null auto_increment, created_date datetime, modified_date datetime, author varchar(255), content TEXT not null, title varchar(500) not null, primary key (id)) engine=InnoDB
2021-12-21 17:55:02.050  INFO 9520 --- [    Test worker] o.h.t.schema.internal.SchemaCreatorImpl  : HHH000476: Executing import script 'org.hibernate.tool.schema.internal.exec.ScriptSourceInputNonExistentImpl@5a47ca67'
2021-12-21 17:55:02.054  INFO 9520 --- [    Test worker] j.LocalContainerEntityManagerFactoryBean : Initialized JPA EntityManagerFactory for persistence unit 'default'
2021-12-21 17:55:03.012  INFO 9520 --- [    Test worker] o.s.s.concurrent.ThreadPoolTaskExecutor  : Initializing ExecutorService 'applicationTaskExecutor'
2021-12-21 17:55:03.107  WARN 9520 --- [    Test worker] aWebConfiguration$JpaWebMvcConfiguration : spring.jpa.open-in-view is enabled by default. Therefore, database queries may be performed during view rendering. Explicitly configure spring.jpa.open-in-view to disable this warning
2021-12-21 17:55:03.169  INFO 9520 --- [    Test worker] o.s.b.a.w.s.WelcomePageHandlerMapping    : Adding welcome page template: index
2021-12-21 17:55:03.617  INFO 9520 --- [    Test worker] o.s.b.w.embedded.tomcat.TomcatWebServer  : Tomcat started on port(s): 51873 (http) with context path ''
2021-12-21 17:55:03.622  INFO 9520 --- [    Test worker] c.b.b.s.web.IndexControllerTest          : Started IndexControllerTest in 7.522 seconds (JVM running for 9.944)
2021-12-21 17:55:03.896  INFO 9520 --- [o-auto-1-exec-1] o.a.c.c.C.[Tomcat].[localhost].[/]       : Initializing Spring DispatcherServlet 'dispatcherServlet'
2021-12-21 17:55:03.896  INFO 9520 --- [o-auto-1-exec-1] o.s.web.servlet.DispatcherServlet        : Initializing Servlet 'dispatcherServlet'
2021-12-21 17:55:03.938  INFO 9520 --- [o-auto-1-exec-1] o.s.web.servlet.DispatcherServlet        : Completed initialization in 42 ms
]]></system-out>
  <system-err><![CDATA[]]></system-err>
</testsuite>
